(base) yoyoyo@host-38f9d335e654:~/eksworkshop$ eksctl create cluster -f eksworkshop.yaml
[ℹ]  eksctl version 0.37.0
[ℹ]  using region us-east-1
[ℹ]  subnets for us-east-1a - public:192.168.0.0/19 private:192.168.96.0/19
[ℹ]  subnets for us-east-1b - public:192.168.32.0/19 private:192.168.128.0/19
[ℹ]  subnets for us-east-1c - public:192.168.64.0/19 private:192.168.160.0/19
[ℹ]  using SSH public key "/Users/yoyoyo/.ssh/id_rsa.pub" as "eksctl-eksworkshop-eksctl-nodegroup-managednodegroup-9d:d4:ac:0b:ea:7f:07:oo:oo:oo" 
[ℹ]  using Kubernetes version 1.18
[ℹ]  creating EKS cluster "eksworkshop-eksctl" in "us-east-1" region with managed nodes
[ℹ]  1 nodegroup (managednodegroup) was included (based on the include/exclude rules)
[ℹ]  will create a CloudFormation stack for cluster itself and 0 nodegroup stack(s)
[ℹ]  will create a CloudFormation stack for cluster itself and 1 managed nodegroup stack(s)
[ℹ]  if you encounter any issues, check CloudFormation console or try 'eksctl utils describe-stacks --region=us-east-1 --cluster=eksworkshop-eksctl'
[ℹ]  Kubernetes API endpoint access will use default of {publicAccess=true, privateAccess=false} for cluster "eksworkshop-eksctl" in "us-east-1"
[ℹ]  2 sequential tasks: { create cluster control plane "eksworkshop-eksctl", 3 sequential sub-tasks: { 2 sequential sub-tasks: { wait for control plane to become ready, update CloudWatch logging configuration }, create addons, create managed nodegroup "managednodegroup" } }
[ℹ]  building cluster stack "eksctl-eksworkshop-eksctl-cluster"
[ℹ]  deploying stack "eksctl-eksworkshop-eksctl-cluster"
[ℹ]  waiting for CloudFormation stack "eksctl-eksworkshop-eksctl-cluster"
[ℹ]  waiting for CloudFormation stack "eksctl-eksworkshop-eksctl-cluster"
[ℹ]  waiting for CloudFormation stack "eksctl-eksworkshop-eksctl-cluster"
[ℹ]  waiting for CloudFormation stack "eksctl-eksworkshop-eksctl-cluster"
[ℹ]  waiting for CloudFormation stack "eksctl-eksworkshop-eksctl-cluster"
[ℹ]  waiting for CloudFormation stack "eksctl-eksworkshop-eksctl-cluster"
[ℹ]  waiting for CloudFormation stack "eksctl-eksworkshop-eksctl-cluster"
[ℹ]  waiting for CloudFormation stack "eksctl-eksworkshop-eksctl-cluster"
[ℹ]  waiting for CloudFormation stack "eksctl-eksworkshop-eksctl-cluster"
[ℹ]  waiting for CloudFormation stack "eksctl-eksworkshop-eksctl-cluster"
[ℹ]  waiting for CloudFormation stack "eksctl-eksworkshop-eksctl-cluster"
[ℹ]  waiting for CloudFormation stack "eksctl-eksworkshop-eksctl-cluster"
[ℹ]  waiting for CloudFormation stack "eksctl-eksworkshop-eksctl-cluster"
[ℹ]  waiting for CloudFormation stack "eksctl-eksworkshop-eksctl-cluster"
[ℹ]  waiting for CloudFormation stack "eksctl-eksworkshop-eksctl-cluster"
[ℹ]  waiting for CloudFormation stack "eksctl-eksworkshop-eksctl-cluster"
.....
[ℹ]  waiting for requested "LoggingUpdate" in cluster "eksworkshop-eksctl" to succeed
[ℹ]  waiting for requested "LoggingUpdate" in cluster "eksworkshop-eksctl" to succeed
[ℹ]  waiting for requested "LoggingUpdate" in cluster "eksworkshop-eksctl" to succeed
[✔]  configured CloudWatch logging for cluster "eksworkshop-eksctl" in "us-east-1" (enabled types: api, audit, authenticator, controllerManager, scheduler & no types disabled)
[ℹ]  building managed nodegroup stack "eksctl-eksworkshop-eksctl-nodegroup-managednodegroup"
[ℹ]  deploying stack "eksctl-eksworkshop-eksctl-nodegroup-managednodegroup"
[ℹ]  waiting for CloudFormation stack "eksctl-eksworkshop-eksctl-nodegroup-managednodegroup"
[ℹ]  waiting for CloudFormation stack "eksctl-eksworkshop-eksctl-nodegroup-managednodegroup"
[ℹ]  waiting for CloudFormation stack "eksctl-eksworkshop-eksctl-nodegroup-managednodegroup"
[ℹ]  waiting for the control plane availability...
[✔]  saved kubeconfig as "/Users/yoyoyo/.kube/config"
[ℹ]  no tasks
[✔]  all EKS cluster resources for "eksworkshop-eksctl" have been created
[ℹ]  nodegroup "managednodegroup" has 3 node(s)
[ℹ]  node "ip-192-168-24-18.ec2.internal" is ready
[ℹ]  node "ip-192-168-54-189.ec2.internal" is ready
[ℹ]  node "ip-192-168-94-142.ec2.internal" is ready
[ℹ]  waiting for at least 3 node(s) to become ready in "managednodegroup"
[ℹ]  nodegroup "managednodegroup" has 3 node(s)
[ℹ]  node "ip-192-168-24-18.ec2.internal" is ready
[ℹ]  node "ip-192-168-54-189.ec2.internal" is ready
[ℹ]  node "ip-192-168-94-142.ec2.internal" is ready
[ℹ]  kubectl command should work with "/Users/yoyoyo/.kube/config", try 'kubectl get nodes'
[✔]  EKS cluster "eksworkshop-eksctl" in "us-east-1" region is ready




(base) yoyoyo@host-38f9d335e654:~/eksworkshop$ kubectl get nodes
NAME                             STATUS   ROLES    AGE     VERSION
ip-192-168-24-18.ec2.internal    Ready    <none>   2m39s   v1.18.9-eks-d1db3c
ip-192-168-54-189.ec2.internal   Ready    <none>   2m50s   v1.18.9-eks-d1db3c
ip-192-168-94-142.ec2.internal   Ready    <none>   2m53s   v1.18.9-eks-d1db3c
(base) yoyoyo@host-38f9d335e654:~/eksworkshop$ 
